<?xml version="1.0" encoding="UTF-8"?>
<!-- Generated by org.testng.reporters.JUnitReportReporter -->
<testsuite hostname="DESKTOP-IEPVL3O" failures="0" tests="1" name="com.sevenrmartsupermarket.tests.ManageOrderTest" time="10.984" errors="0" timestamp="2024-03-14T17:02:55 IST" skipped="0">
  <testcase classname="com.sevenrmartsupermarket.tests.ManageOrderTest" name="verifyManageOrder" time="10.984"/>
  <system-out/>
</testsuite> <!-- com.sevenrmartsupermarket.tests.ManageOrderTest -->
