<?xml version="1.0" encoding="UTF-8"?>
<!-- Generated by org.testng.reporters.JUnitReportReporter -->
<testsuite hostname="DESKTOP-IEPVL3O" failures="0" tests="1" name="com.sevenrmartsupermarket.tests.ManageContentTest" time="12.710" errors="0" timestamp="2024-03-23T08:24:28 IST" skipped="0">
  <testcase classname="com.sevenrmartsupermarket.tests.ManageContentTest" name="verifyManageContent" time="12.710"/>
  <system-out/>
</testsuite> <!-- com.sevenrmartsupermarket.tests.ManageContentTest -->
