<?xml version="1.0" encoding="UTF-8"?>
<!-- Generated by org.testng.reporters.JUnitReportReporter -->
<testsuite hostname="DESKTOP-IEPVL3O" failures="0" tests="1" name="com.sevenrmartsupermarket.tests.LoginTest" time="9.556" errors="0" timestamp="2024-03-23T07:38:56 IST" skipped="0">
  <testcase classname="com.sevenrmartsupermarket.tests.LoginTest" name="verifyRememberme" time="9.556"/>
  <system-out/>
</testsuite> <!-- com.sevenrmartsupermarket.tests.LoginTest -->
