<?xml version="1.0" encoding="UTF-8"?>
<!-- Generated by org.testng.reporters.JUnitReportReporter -->
<testsuite hostname="DESKTOP-IEPVL3O" failures="0" tests="2" name="com.sevenrmartsupermarket.tests.HomeTest" time="19.639" errors="0" timestamp="2024-03-20T21:27:25 IST" skipped="0">
  <testcase classname="com.sevenrmartsupermarket.tests.HomeTest" name="excel" time="6.836"/>
  <system-out/>
  <testcase classname="com.sevenrmartsupermarket.tests.HomeTest" name="verifyContent" time="12.803"/>
  <system-out/>
</testsuite> <!-- com.sevenrmartsupermarket.tests.HomeTest -->
