<?xml version="1.0" encoding="UTF-8"?>
<!-- Generated by org.testng.reporters.JUnitReportReporter -->
<testsuite hostname="DESKTOP-IEPVL3O" failures="0" tests="2" name="com.sevenrmartsupermarket.tests.LocationTest" time="15.720" errors="0" timestamp="2024-03-18T16:00:40 IST" skipped="0">
  <testcase classname="com.sevenrmartsupermarket.tests.LocationTest" name="verifyLocation" time="7.324"/>
  <system-out/>
  <testcase classname="com.sevenrmartsupermarket.tests.LocationTest" name="verifyLocation" time="8.396"/>
  <system-out/>
</testsuite> <!-- com.sevenrmartsupermarket.tests.LocationTest -->
