<?xml version="1.0" encoding="UTF-8"?>
<!-- Generated by org.testng.reporters.JUnitReportReporter -->
<testsuite hostname="DESKTOP-IEPVL3O" failures="0" tests="1" name="com.sevenrmartsupermarket.tests.PushNotificationTest" time="15.557" errors="0" timestamp="2024-03-20T21:27:25 IST" skipped="0">
  <testcase classname="com.sevenrmartsupermarket.tests.PushNotificationTest" name="verifyPushNotificationPopup" time="15.557"/>
  <system-out/>
</testsuite> <!-- com.sevenrmartsupermarket.tests.PushNotificationTest -->
