<?xml version="1.0" encoding="UTF-8"?>
<!-- Generated by org.testng.reporters.JUnitReportReporter -->
<testsuite hostname="DESKTOP-IEPVL3O" failures="0" tests="1" name="com.sevenrmartsupermarket.tests.ExpenseCatagoryTest" time="9.169" errors="0" timestamp="2024-03-14T13:10:43 IST" skipped="0">
  <testcase classname="com.sevenrmartsupermarket.tests.ExpenseCatagoryTest" name="verifyExpenseCatagory" time="9.169"/>
  <system-out/>
</testsuite> <!-- com.sevenrmartsupermarket.tests.ExpenseCatagoryTest -->
