<?xml version="1.0" encoding="UTF-8"?>
<!-- Generated by org.testng.reporters.JUnitReportReporter -->
<testsuite hostname="DESKTOP-IEPVL3O" failures="0" tests="1" name="com.sevenrmartsupermarket.tests.ManageExpenseTest" time="19.540" errors="0" timestamp="2024-03-14T17:00:01 IST" skipped="0">
  <testcase classname="com.sevenrmartsupermarket.tests.ManageExpenseTest" name="manageExpense" time="19.540"/>
  <system-out/>
</testsuite> <!-- com.sevenrmartsupermarket.tests.ManageExpenseTest -->
