<?xml version="1.0" encoding="UTF-8"?>
<!-- Generated by org.testng.reporters.JUnitReportReporter -->
<testsuite hostname="DESKTOP-IEPVL3O" failures="0" tests="1" name="com.sevenrmartsupermarket.tests.MobileSliderTest" time="10.135" errors="0" timestamp="2024-03-23T08:28:14 IST" skipped="0">
  <testcase classname="com.sevenrmartsupermarket.tests.MobileSliderTest" name="verifyMobileSliderPage" time="10.135"/>
  <system-out/>
</testsuite> <!-- com.sevenrmartsupermarket.tests.MobileSliderTest -->
