<?xml version="1.0" encoding="UTF-8"?>
<!-- Generated by org.testng.reporters.JUnitReportReporter -->
<testsuite hostname="DESKTOP-IEPVL3O" failures="0" tests="1" name="com.sevenrmartsupermarket.tests.AdminUserTest" time="11.710" errors="0" timestamp="2024-03-14T12:43:12 IST" skipped="0">
  <testcase classname="com.sevenrmartsupermarket.tests.AdminUserTest" name="verifyNameList" time="11.710"/>
  <system-out/>
</testsuite> <!-- com.sevenrmartsupermarket.tests.AdminUserTest -->
